<?xml version="1.0" encoding="UTF-8"?>
<testng-results ignored="0" total="1" passed="1" failed="0" skipped="0">
  <reporter-output>
  </reporter-output>
  <suite started-at="2023-04-25T20:25:03 IST" name="Suite" finished-at="2023-04-25T20:25:26 IST" duration-ms="22605">
    <groups>
    </groups>
    <test started-at="2023-04-25T20:25:03 IST" name="Test" finished-at="2023-04-25T20:25:26 IST" duration-ms="22605">
      <class name="TestPackage2.Test1">
        <test-method signature="tc1()[pri:0, instance:TestPackage2.Test1@7205765b]" started-at="2023-04-25T20:25:03 IST" name="tc1" finished-at="2023-04-25T20:25:26 IST" duration-ms="22569" status="PASS">
          <reporter-output>
          </reporter-output>
        </test-method> <!-- tc1 -->
      </class> <!-- TestPackage2.Test1 -->
    </test> <!-- Test -->
  </suite> <!-- Suite -->
</testng-results>
