<?xml version="1.0" encoding="UTF-8"?>
<testng-results ignored="0" total="1" passed="1" failed="0" skipped="0">
  <reporter-output>
  </reporter-output>
  <suite started-at="2023-04-27T12:28:49 IST" name="Default suite" finished-at="2023-04-27T12:29:00 IST" duration-ms="10694">
    <groups>
    </groups>
    <test started-at="2023-04-27T12:28:49 IST" name="Default test" finished-at="2023-04-27T12:29:00 IST" duration-ms="10694">
      <class name="TestPackage2.Test1">
        <test-method signature="tc1()[pri:0, instance:TestPackage2.Test1@6fd83fc1]" started-at="2023-04-27T12:28:49 IST" name="tc1" finished-at="2023-04-27T12:29:00 IST" duration-ms="10648" status="PASS">
          <reporter-output>
          </reporter-output>
        </test-method> <!-- tc1 -->
      </class> <!-- TestPackage2.Test1 -->
    </test> <!-- Default test -->
  </suite> <!-- Default suite -->
</testng-results>
